<?xml version="1.0" encoding="UTF-8"?>
<!-- Generated by org.testng.reporters.JUnitReportReporter -->
<testsuite skipped="0" hostname="GSIPC-5083" name="com.rest.assured.model.EmployeeModel" tests="1" failures="0" timestamp="2020-06-12T10:35:18 IST" time="0.020" errors="0">
  <testcase name="generatenewuser" time="0.020" classname="com.rest.assured.model.EmployeeModel"/>
</testsuite> <!-- com.rest.assured.model.EmployeeModel -->
