<?xml version="1.0" encoding="UTF-8"?>
<!-- Generated by org.testng.reporters.JUnitReportReporter -->
<testsuite skipped="0" hostname="GSIPC-5083" name="com.seleniumbase.SeleniumBase" tests="1" failures="0" timestamp="2020-06-08T13:11:14 IST" time="0.020" errors="0">
  <testcase name="tc01" time="0.020" classname="com.seleniumbase.SeleniumBase"/>
</testsuite> <!-- com.seleniumbase.SeleniumBase -->
