<?xml version="1.0" encoding="UTF-8"?>
<!-- Generated by org.testng.reporters.JUnitReportReporter -->
<testsuite skipped="0" hostname="GSIPC-5083" name="com.rest.api.Rest_Assured_Delete" tests="1" failures="0" timestamp="2020-06-12T13:26:05 IST" time="3.025" errors="0">
  <testcase name="Delete_01" time="3.025" classname="com.rest.api.Rest_Assured_Delete"/>
</testsuite> <!-- com.rest.api.Rest_Assured_Delete -->
