<?xml version="1.0" encoding="UTF-8"?>
<!-- Generated by org.testng.reporters.JUnitReportReporter -->
<testsuite skipped="0" hostname="GSIPC-5083" name="com.rest.api.Rest_Assured_Put" tests="1" failures="0" timestamp="2020-06-12T12:52:19 IST" time="3.643" errors="0">
  <testcase name="updateemployee" time="3.643" classname="com.rest.api.Rest_Assured_Put"/>
</testsuite> <!-- com.rest.api.Rest_Assured_Put -->
