<?xml version="1.0" encoding="UTF-8"?>
<!-- Generated by org.testng.reporters.JUnitReportReporter -->
<testsuite skipped="5" hostname="GSIPC-5083" name="com.rest.api.Rest_Assured_Get" tests="6" failures="0" timestamp="2020-06-11T23:12:02 IST" time="3.739" errors="0">
  <testcase name="get_05" time="3.739" classname="com.rest.api.Rest_Assured_Get"/>
  <testcase name="get_01" classname="com.rest.api.Rest_Assured_Get">
    <skipped/>
  </testcase> <!-- get_01 -->
  <testcase name="get_02" classname="com.rest.api.Rest_Assured_Get">
    <skipped/>
  </testcase> <!-- get_02 -->
  <testcase name="get_03" classname="com.rest.api.Rest_Assured_Get">
    <skipped/>
  </testcase> <!-- get_03 -->
  <testcase name="get_04" classname="com.rest.api.Rest_Assured_Get">
    <skipped/>
  </testcase> <!-- get_04 -->
  <testcase name="a_print_json" classname="com.rest.api.Rest_Assured_Get">
    <skipped/>
  </testcase> <!-- a_print_json -->
</testsuite> <!-- com.rest.api.Rest_Assured_Get -->
