<?xml version="1.0" encoding="UTF-8"?>
<!-- Generated by org.testng.reporters.JUnitReportReporter -->
<testsuite skipped="0" hostname="GSIPC-5083" name="com.rest.api.Rest_Assured_Post" tests="1" failures="0" timestamp="2020-06-12T12:00:46 IST" time="5.079" errors="0">
  <testcase name="Post_01" time="5.079" classname="com.rest.api.Rest_Assured_Post"/>
</testsuite> <!-- com.rest.api.Rest_Assured_Post -->
