<?xml version="1.0" encoding="UTF-8"?>
<!-- Generated by org.testng.reporters.JUnitReportReporter -->
<testsuite skipped="0" hostname="GSIPC-5083" name="com.drop.down.TableValueGet" tests="1" failures="0" timestamp="2020-06-12T21:07:04 IST" time="14.454" errors="0">
  <testcase name="gotopage" time="14.454" classname="com.drop.down.TableValueGet"/>
</testsuite> <!-- com.drop.down.TableValueGet -->
