<?xml version="1.0" encoding="UTF-8"?>
<!-- Generated by org.testng.reporters.JUnitReportReporter -->
<testsuite skipped="0" hostname="GSIPC-5083" name="com.cucumber.runner.Runner_02" tests="1" failures="0" timestamp="2020-06-05T18:13:49 IST" time="33.438" errors="0">
  <testcase name="feature" time="33.438" classname="com.cucumber.runner.Runner_02"/>
</testsuite> <!-- com.cucumber.runner.Runner_02 -->
