<?xml version="1.0" encoding="UTF-8"?>
<!-- Generated by org.testng.reporters.JUnitReportReporter -->
<testsuite skipped="0" hostname="GSIPC-5083" name="com.dataread.DataRead" tests="1" failures="0" timestamp="2020-06-05T15:42:14 IST" time="1.108" errors="0">
  <testcase name="getdata" time="1.108" classname="com.dataread.DataRead"/>
</testsuite> <!-- com.dataread.DataRead -->
