<?xml version="1.0" encoding="UTF-8"?>
<!-- Generated by org.testng.reporters.JUnitReportReporter -->
<testsuite skipped="0" hostname="GSIPC-5083" name="com.drop.down.DropDownValues" tests="2" failures="0" timestamp="2020-06-04T20:34:33 IST" time="132.976" errors="0">
  <testcase name="login" time="27.560" classname="com.drop.down.DropDownValues"/>
  <testcase name="demographic_app" time="105.416" classname="com.drop.down.DropDownValues"/>
</testsuite> <!-- com.drop.down.DropDownValues -->
