<?xml version="1.0" encoding="UTF-8"?>
<!-- Generated by org.testng.reporters.JUnitReportReporter -->
<testsuite skipped="0" hostname="GSIPC-5083" name="com.cucumber.runner.Runner_01" tests="1" failures="0" timestamp="2020-06-27T20:46:51 IST" time="80.985" errors="0">
  <testcase name="feature" time="80.985" classname="com.cucumber.runner.Runner_01"/>
</testsuite> <!-- com.cucumber.runner.Runner_01 -->
